[1;33mStarting MMRS Backend Setup...[0m
[1;33mActivating virtual environment...[0m
[1;33mUpgrading pip...[0m
Requirement already satisfied: pip in ./venv/lib/python3.13/site-packages (25.0.1)
[1;33mInstalling required packages...[0m
Requirement already satisfied: fastapi in ./venv/lib/python3.13/site-packages (0.115.8)
Requirement already satisfied: uvicorn in ./venv/lib/python3.13/site-packages (0.34.0)
Requirement already satisfied: python-dotenv in ./venv/lib/python3.13/site-packages (1.0.1)
Requirement already satisfied: requests in ./venv/lib/python3.13/site-packages (2.32.3)
Requirement already satisfied: aiohttp in ./venv/lib/python3.13/site-packages (3.11.13)
Requirement already satisfied: numpy in ./venv/lib/python3.13/site-packages (2.2.3)
Requirement already satisfied: starlette<0.46.0,>=0.40.0 in ./venv/lib/python3.13/site-packages (from fastapi) (0.45.3)
Requirement already satisfied: pydantic!=1.8,!=1.8.1,!=2.0.0,!=2.0.1,!=2.1.0,<3.0.0,>=1.7.4 in ./venv/lib/python3.13/site-packages (from fastapi) (2.10.6)
Requirement already satisfied: typing-extensions>=4.8.0 in ./venv/lib/python3.13/site-packages (from fastapi) (4.12.2)
Requirement already satisfied: click>=7.0 in ./venv/lib/python3.13/site-packages (from uvicorn) (8.1.8)
Requirement already satisfied: h11>=0.8 in ./venv/lib/python3.13/site-packages (from uvicorn) (0.14.0)
Requirement already satisfied: charset-normalizer<4,>=2 in ./venv/lib/python3.13/site-packages (from requests) (3.4.1)
Requirement already satisfied: idna<4,>=2.5 in ./venv/lib/python3.13/site-packages (from requests) (3.10)
Requirement already satisfied: urllib3<3,>=1.21.1 in ./venv/lib/python3.13/site-packages (from requests) (2.3.0)
Requirement already satisfied: certifi>=2017.4.17 in ./venv/lib/python3.13/site-packages (from requests) (2025.1.31)
Requirement already satisfied: aiohappyeyeballs>=2.3.0 in ./venv/lib/python3.13/site-packages (from aiohttp) (2.4.6)
Requirement already satisfied: aiosignal>=1.1.2 in ./venv/lib/python3.13/site-packages (from aiohttp) (1.3.2)
Requirement already satisfied: attrs>=17.3.0 in ./venv/lib/python3.13/site-packages (from aiohttp) (25.1.0)
Requirement already satisfied: frozenlist>=1.1.1 in ./venv/lib/python3.13/site-packages (from aiohttp) (1.5.0)
Requirement already satisfied: multidict<7.0,>=4.5 in ./venv/lib/python3.13/site-packages (from aiohttp) (6.1.0)
Requirement already satisfied: propcache>=0.2.0 in ./venv/lib/python3.13/site-packages (from aiohttp) (0.3.0)
Requirement already satisfied: yarl<2.0,>=1.17.0 in ./venv/lib/python3.13/site-packages (from aiohttp) (1.18.3)
Requirement already satisfied: annotated-types>=0.6.0 in ./venv/lib/python3.13/site-packages (from pydantic!=1.8,!=1.8.1,!=2.0.0,!=2.0.1,!=2.1.0,<3.0.0,>=1.7.4->fastapi) (0.7.0)
Requirement already satisfied: pydantic-core==2.27.2 in ./venv/lib/python3.13/site-packages (from pydantic!=1.8,!=1.8.1,!=2.0.0,!=2.0.1,!=2.1.0,<3.0.0,>=1.7.4->fastapi) (2.27.2)
Requirement already satisfied: anyio<5,>=3.6.2 in ./venv/lib/python3.13/site-packages (from starlette<0.46.0,>=0.40.0->fastapi) (4.8.0)
Requirement already satisfied: sniffio>=1.1 in ./venv/lib/python3.13/site-packages (from anyio<5,>=3.6.2->starlette<0.46.0,>=0.40.0->fastapi) (1.3.1)
[0;32mStarting MMRS backend server...[0m
[1;33mThe server will be available at http://localhost:5001[0m
[1;33mPress Ctrl+C to stop the server[0m

INFO:     Will watch for changes in these directories: ['/Users/stephenhewitt/MMRS']
INFO:     Uvicorn running on http://localhost:5001 (Press CTRL+C to quit)
INFO:     Started reloader process [10280] using StatReload
INFO:     Started server process [10282]
INFO:     Waiting for application startup.
INFO:     Application startup complete.
INFO:     127.0.0.1:50972 - "GET /status HTTP/1.1" 200 OK
INFO:     127.0.0.1:50977 - "GET /status HTTP/1.1" 200 OK
INFO:     127.0.0.1:50978 - "GET /status HTTP/1.1" 200 OK
INFO:     127.0.0.1:50980 - "GET /status HTTP/1.1" 200 OK
INFO:     127.0.0.1:50982 - "GET /status HTTP/1.1" 200 OK
INFO:     127.0.0.1:50984 - "GET /status HTTP/1.1" 200 OK
INFO:     Shutting down
INFO:     Waiting for application shutdown.
INFO:     Application shutdown complete.
INFO:     Finished server process [10282]
INFO:     Stopping reloader process [10280]
